{
    "contracts/attestationsVerifier.sol": {
        "l": {
            "30": 0,
            "40": 0,
            "44": 0,
            "45": 0,
            "46": 0,
            "48": 0,
            "49": 0,
            "50": 0,
            "51": 0,
            "55": 0,
            "56": 0,
            "68": 0,
            "69": 0,
            "70": 0,
            "72": 0,
            "74": 0,
            "76": 0,
            "77": 0,
            "79": 0,
            "80": 0,
            "81": 0,
            "82": 0,
            "84": 0,
            "85": 0,
            "91": 0,
            "92": 0,
            "93": 0,
            "97": 0,
            "98": 0,
            "101": 0,
            "102": 0,
            "105": 0,
            "107": 0,
            "114": 0,
            "115": 0,
            "116": 0,
            "117": 0,
            "118": 0,
            "119": 0,
            "121": 0,
            "123": 0,
            "124": 0,
            "127": 0,
            "133": 0,
            "134": 0,
            "137": 0,
            "138": 0,
            "140": 0,
            "141": 0,
            "142": 0,
            "144": 0,
            "145": 0,
            "149": 0,
            "150": 0,
            "154": 0,
            "158": 0,
            "159": 0,
            "160": 0,
            "163": 0,
            "167": 0,
            "168": 0,
            "169": 0,
            "171": 0,
            "172": 0,
            "175": 0,
            "181": 0,
            "182": 0,
            "185": 0,
            "186": 0,
            "188": 0,
            "189": 0
        },
        "path": "/Users/mbultra/RustroverProjects/supafresht3rn/pallets/attesters/contracts/contracts/attestationsVerifier.sol",
        "s": {
            "1": 0,
            "2": 0,
            "3": 0,
            "4": 0,
            "5": 0,
            "6": 0,
            "7": 0,
            "8": 0,
            "9": 0,
            "10": 0,
            "11": 0,
            "12": 0,
            "13": 0,
            "14": 0,
            "15": 0,
            "16": 0,
            "17": 0,
            "18": 0,
            "19": 0,
            "20": 0,
            "21": 0,
            "22": 0,
            "23": 0,
            "24": 0,
            "25": 0,
            "26": 0,
            "27": 0,
            "28": 0,
            "29": 0,
            "30": 0,
            "31": 0,
            "32": 0,
            "33": 0,
            "34": 0,
            "35": 0,
            "36": 0,
            "37": 0,
            "38": 0,
            "39": 0,
            "40": 0,
            "41": 0,
            "42": 0,
            "43": 0,
            "44": 0,
            "45": 0,
            "46": 0,
            "47": 0,
            "48": 0,
            "49": 0,
            "50": 0
        },
        "b": {
            "1": [0, 0],
            "2": [0, 0],
            "3": [0, 0],
            "4": [0, 0],
            "5": [0, 0],
            "6": [0, 0],
            "7": [0, 0],
            "8": [0, 0],
            "9": [0, 0],
            "10": [0, 0],
            "11": [0, 0],
            "12": [0, 0],
            "13": [0, 0],
            "14": [0, 0],
            "15": [0, 0],
            "16": [0, 0],
            "17": [0, 0]
        },
        "f": { "1": 0, "2": 0, "3": 0, "4": 0, "5": 0, "6": 0, "7": 0, "8": 0 },
        "fnMap": {
            "1": {
                "name": "batchEncodePacked",
                "line": 29,
                "loc": {
                    "start": { "line": 29, "column": 4 },
                    "end": { "line": 37, "column": 4 }
                }
            },
            "2": {
                "name": "messageHash",
                "line": 39,
                "loc": {
                    "start": { "line": 39, "column": 4 },
                    "end": { "line": 41, "column": 4 }
                }
            },
            "3": {
                "name": "constructor",
                "line": 43,
                "loc": {
                    "start": { "line": 43, "column": 4 },
                    "end": { "line": 52, "column": 4 }
                }
            },
            "4": {
                "name": "updateCommitteeSize",
                "line": 54,
                "loc": {
                    "start": { "line": 54, "column": 4 },
                    "end": { "line": 57, "column": 4 }
                }
            },
            "5": {
                "name": "receiveAttestationBatch",
                "line": 59,
                "loc": {
                    "start": { "line": 59, "column": 4 },
                    "end": { "line": 108, "column": 4 }
                }
            },
            "6": {
                "name": "verifySignedByActiveCommittee",
                "line": 110,
                "loc": {
                    "start": { "line": 110, "column": 4 },
                    "end": { "line": 155, "column": 4 }
                }
            },
            "7": {
                "name": "arrayContains",
                "line": 157,
                "loc": {
                    "start": { "line": 157, "column": 4 },
                    "end": { "line": 164, "column": 4 }
                }
            },
            "8": {
                "name": "recoverSigner",
                "line": 166,
                "loc": {
                    "start": { "line": 166, "column": 4 },
                    "end": { "line": 191, "column": 4 }
                }
            }
        },
        "statementMap": {
            "1": {
                "start": { "line": 30, "column": 8 },
                "end": { "line": 30, "column": 1042 }
            },
            "2": {
                "start": { "line": 40, "column": 8 },
                "end": { "line": 40, "column": 50 }
            },
            "3": {
                "start": { "line": 45, "column": 8 },
                "end": { "line": 45, "column": 1504 }
            },
            "4": {
                "start": { "line": 55, "column": 8 },
                "end": { "line": 55, "column": 75 }
            },
            "5": {
                "start": { "line": 68, "column": 8 },
                "end": { "line": 68, "column": 100 }
            },
            "6": {
                "start": { "line": 69, "column": 8 },
                "end": { "line": 69, "column": 70 }
            },
            "7": {
                "start": { "line": 70, "column": 8 },
                "end": { "line": 70, "column": 76 }
            },
            "8": {
                "start": { "line": 72, "column": 8 },
                "end": { "line": 72, "column": 76 }
            },
            "9": {
                "start": { "line": 74, "column": 8 },
                "end": { "line": 74, "column": 110 }
            },
            "10": {
                "start": { "line": 76, "column": 8 },
                "end": { "line": 76, "column": 2782 }
            },
            "11": {
                "start": { "line": 79, "column": 12 },
                "end": { "line": 79, "column": 2951 }
            },
            "12": {
                "start": { "line": 80, "column": 16 },
                "end": { "line": 80, "column": 80 }
            },
            "13": {
                "start": { "line": 81, "column": 16 },
                "end": { "line": 81, "column": 3108 }
            },
            "14": {
                "start": { "line": 84, "column": 16 },
                "end": { "line": 84, "column": 3209 }
            },
            "15": {
                "start": { "line": 91, "column": 8 },
                "end": { "line": 91, "column": 3447 }
            },
            "16": {
                "start": { "line": 92, "column": 12 },
                "end": { "line": 92, "column": 3520 }
            },
            "17": {
                "start": { "line": 97, "column": 8 },
                "end": { "line": 97, "column": 3700 }
            },
            "18": {
                "start": { "line": 101, "column": 8 },
                "end": { "line": 101, "column": 3833 }
            },
            "19": {
                "start": { "line": 107, "column": 8 },
                "end": { "line": 107, "column": 56 }
            },
            "20": {
                "start": { "line": 114, "column": 8 },
                "end": { "line": 114, "column": 35 }
            },
            "21": {
                "start": { "line": 115, "column": 8 },
                "end": { "line": 115, "column": 46 }
            },
            "22": {
                "start": { "line": 116, "column": 8 },
                "end": { "line": 116, "column": 4292 }
            },
            "23": {
                "start": { "line": 117, "column": 12 },
                "end": { "line": 117, "column": 21 }
            },
            "24": {
                "start": { "line": 118, "column": 12 },
                "end": { "line": 118, "column": 21 }
            },
            "25": {
                "start": { "line": 119, "column": 12 },
                "end": { "line": 119, "column": 19 }
            },
            "26": {
                "start": { "line": 121, "column": 12 },
                "end": { "line": 121, "column": 50 }
            },
            "27": {
                "start": { "line": 123, "column": 12 },
                "end": { "line": 123, "column": 4476 }
            },
            "28": {
                "start": { "line": 133, "column": 12 },
                "end": { "line": 133, "column": 4747 }
            },
            "29": {
                "start": { "line": 137, "column": 12 },
                "end": { "line": 137, "column": 4813 }
            },
            "30": {
                "start": { "line": 140, "column": 16 },
                "end": { "line": 140, "column": 115 }
            },
            "31": {
                "start": { "line": 141, "column": 16 },
                "end": { "line": 141, "column": 65 }
            },
            "32": {
                "start": { "line": 142, "column": 16 },
                "end": { "line": 142, "column": 64 }
            },
            "33": {
                "start": { "line": 144, "column": 16 },
                "end": { "line": 144, "column": 5157 }
            },
            "34": {
                "start": { "line": 149, "column": 12 },
                "end": { "line": 149, "column": 5296 }
            },
            "35": {
                "start": { "line": 150, "column": 16 },
                "end": { "line": 150, "column": 27 }
            },
            "36": {
                "start": { "line": 154, "column": 8 },
                "end": { "line": 154, "column": 40 }
            },
            "37": {
                "start": { "line": 158, "column": 8 },
                "end": { "line": 158, "column": 5532 }
            },
            "38": {
                "start": { "line": 159, "column": 12 },
                "end": { "line": 159, "column": 5592 }
            },
            "39": {
                "start": { "line": 160, "column": 16 },
                "end": { "line": 160, "column": 27 }
            },
            "40": {
                "start": { "line": 163, "column": 8 },
                "end": { "line": 163, "column": 20 }
            },
            "41": {
                "start": { "line": 167, "column": 8 },
                "end": { "line": 167, "column": 17 }
            },
            "42": {
                "start": { "line": 168, "column": 8 },
                "end": { "line": 168, "column": 17 }
            },
            "43": {
                "start": { "line": 169, "column": 8 },
                "end": { "line": 169, "column": 15 }
            },
            "44": {
                "start": { "line": 171, "column": 8 },
                "end": { "line": 171, "column": 5862 }
            },
            "45": {
                "start": { "line": 172, "column": 12 },
                "end": { "line": 172, "column": 29 }
            },
            "46": {
                "start": { "line": 181, "column": 8 },
                "end": { "line": 181, "column": 6110 }
            },
            "47": {
                "start": { "line": 185, "column": 8 },
                "end": { "line": 185, "column": 6164 }
            },
            "48": {
                "start": { "line": 186, "column": 12 },
                "end": { "line": 186, "column": 29 }
            },
            "49": {
                "start": { "line": 188, "column": 12 },
                "end": { "line": 188, "column": 111 }
            },
            "50": {
                "start": { "line": 189, "column": 12 },
                "end": { "line": 189, "column": 51 }
            }
        },
        "branchMap": {
            "1": {
                "line": 55,
                "type": "if",
                "locations": [
                    {
                        "start": { "line": 55, "column": 8 },
                        "end": { "line": 55, "column": 8 }
                    },
                    {
                        "start": { "line": 55, "column": 8 },
                        "end": { "line": 55, "column": 8 }
                    }
                ]
            },
            "2": {
                "line": 70,
                "type": "if",
                "locations": [
                    {
                        "start": { "line": 70, "column": 8 },
                        "end": { "line": 70, "column": 8 }
                    },
                    {
                        "start": { "line": 70, "column": 8 },
                        "end": { "line": 70, "column": 8 }
                    }
                ]
            },
            "3": {
                "line": 72,
                "type": "if",
                "locations": [
                    {
                        "start": { "line": 72, "column": 8 },
                        "end": { "line": 72, "column": 8 }
                    },
                    {
                        "start": { "line": 72, "column": 8 },
                        "end": { "line": 72, "column": 8 }
                    }
                ]
            },
            "4": {
                "line": 74,
                "type": "if",
                "locations": [
                    {
                        "start": { "line": 74, "column": 8 },
                        "end": { "line": 74, "column": 8 }
                    },
                    {
                        "start": { "line": 74, "column": 8 },
                        "end": { "line": 74, "column": 8 }
                    }
                ]
            },
            "5": {
                "line": 76,
                "type": "if",
                "locations": [
                    {
                        "start": { "line": 76, "column": 8 },
                        "end": { "line": 76, "column": 8 }
                    },
                    {
                        "start": { "line": 76, "column": 8 },
                        "end": { "line": 76, "column": 8 }
                    }
                ]
            },
            "6": {
                "line": 81,
                "type": "if",
                "locations": [
                    {
                        "start": { "line": 81, "column": 16 },
                        "end": { "line": 81, "column": 16 }
                    },
                    {
                        "start": { "line": 81, "column": 16 },
                        "end": { "line": 81, "column": 16 }
                    }
                ]
            },
            "7": {
                "line": 84,
                "type": "if",
                "locations": [
                    {
                        "start": { "line": 84, "column": 16 },
                        "end": { "line": 84, "column": 16 }
                    },
                    {
                        "start": { "line": 84, "column": 16 },
                        "end": { "line": 84, "column": 16 }
                    }
                ]
            },
            "8": {
                "line": 92,
                "type": "if",
                "locations": [
                    {
                        "start": { "line": 92, "column": 12 },
                        "end": { "line": 92, "column": 12 }
                    },
                    {
                        "start": { "line": 92, "column": 12 },
                        "end": { "line": 92, "column": 12 }
                    }
                ]
            },
            "9": {
                "line": 123,
                "type": "if",
                "locations": [
                    {
                        "start": { "line": 123, "column": 12 },
                        "end": { "line": 123, "column": 12 }
                    },
                    {
                        "start": { "line": 123, "column": 12 },
                        "end": { "line": 123, "column": 12 }
                    }
                ]
            },
            "10": {
                "line": 133,
                "type": "if",
                "locations": [
                    {
                        "start": { "line": 133, "column": 12 },
                        "end": { "line": 133, "column": 12 }
                    },
                    {
                        "start": { "line": 133, "column": 12 },
                        "end": { "line": 133, "column": 12 }
                    }
                ]
            },
            "11": {
                "line": 137,
                "type": "if",
                "locations": [
                    {
                        "start": { "line": 137, "column": 12 },
                        "end": { "line": 137, "column": 12 }
                    },
                    {
                        "start": { "line": 137, "column": 12 },
                        "end": { "line": 137, "column": 12 }
                    }
                ]
            },
            "12": {
                "line": 144,
                "type": "if",
                "locations": [
                    {
                        "start": { "line": 144, "column": 16 },
                        "end": { "line": 144, "column": 16 }
                    },
                    {
                        "start": { "line": 144, "column": 16 },
                        "end": { "line": 144, "column": 16 }
                    }
                ]
            },
            "13": {
                "line": 149,
                "type": "if",
                "locations": [
                    {
                        "start": { "line": 149, "column": 12 },
                        "end": { "line": 149, "column": 12 }
                    },
                    {
                        "start": { "line": 149, "column": 12 },
                        "end": { "line": 149, "column": 12 }
                    }
                ]
            },
            "14": {
                "line": 159,
                "type": "if",
                "locations": [
                    {
                        "start": { "line": 159, "column": 12 },
                        "end": { "line": 159, "column": 12 }
                    },
                    {
                        "start": { "line": 159, "column": 12 },
                        "end": { "line": 159, "column": 12 }
                    }
                ]
            },
            "15": {
                "line": 171,
                "type": "if",
                "locations": [
                    {
                        "start": { "line": 171, "column": 8 },
                        "end": { "line": 171, "column": 8 }
                    },
                    {
                        "start": { "line": 171, "column": 8 },
                        "end": { "line": 171, "column": 8 }
                    }
                ]
            },
            "16": {
                "line": 181,
                "type": "if",
                "locations": [
                    {
                        "start": { "line": 181, "column": 8 },
                        "end": { "line": 181, "column": 8 }
                    },
                    {
                        "start": { "line": 181, "column": 8 },
                        "end": { "line": 181, "column": 8 }
                    }
                ]
            },
            "17": {
                "line": 185,
                "type": "if",
                "locations": [
                    {
                        "start": { "line": 185, "column": 8 },
                        "end": { "line": 185, "column": 8 }
                    },
                    {
                        "start": { "line": 185, "column": 8 },
                        "end": { "line": 185, "column": 8 }
                    }
                ]
            }
        }
    },
    "contracts/attestationsVerifierProofs.sol": {
        "l": {
            "31": 1,
            "32": 1,
            "37": 0,
            "38": 0,
            "39": 0,
            "41": 0,
            "42": 0,
            "43": 0,
            "45": 0,
            "64": 0,
            "79": 0,
            "83": 2,
            "87": 15,
            "88": 15,
            "89": 15,
            "90": 15,
            "91": 15,
            "92": 15,
            "93": 15,
            "94": 6,
            "96": 15,
            "97": 6,
            "99": 15,
            "103": 0,
            "107": 0,
            "111": 0,
            "115": 12,
            "116": 12,
            "117": 198,
            "119": 12,
            "120": 12,
            "121": 12,
            "122": 186,
            "125": 12,
            "126": 12,
            "127": 12,
            "128": 12,
            "130": 12,
            "134": 0,
            "135": 0,
            "136": 0,
            "147": 1,
            "148": 1,
            "154": 1,
            "156": 1,
            "158": 1,
            "168": 0,
            "169": 0,
            "170": 0,
            "172": 0,
            "178": 0,
            "183": 0,
            "184": 0,
            "185": 0,
            "186": 0,
            "187": 0,
            "188": 0,
            "190": 0,
            "193": 0,
            "196": 0,
            "197": 0,
            "201": 0,
            "203": 0,
            "205": 0,
            "209": 0,
            "210": 0,
            "212": 0,
            "214": 0,
            "215": 0,
            "216": 0,
            "217": 0,
            "218": 0,
            "219": 0,
            "221": 0,
            "224": 0,
            "233": 2,
            "234": 2,
            "235": 2,
            "236": 2,
            "237": 2,
            "238": 2,
            "239": 0,
            "241": 2,
            "242": 2,
            "244": 2,
            "253": 0,
            "254": 0,
            "255": 0,
            "256": 0,
            "257": 0,
            "258": 0,
            "259": 0,
            "261": 0,
            "267": 1,
            "269": 1,
            "270": 1,
            "271": 1,
            "272": 1,
            "273": 1,
            "274": 1,
            "275": 1,
            "276": 1,
            "277": 1,
            "278": 1,
            "279": 1,
            "280": 1,
            "281": 1,
            "282": 1,
            "284": 0,
            "285": 0,
            "286": 0,
            "287": 0,
            "288": 0,
            "289": 0,
            "291": 0,
            "292": 0,
            "293": 0,
            "294": 0,
            "295": 0,
            "296": 0,
            "297": 0,
            "298": 0,
            "299": 0,
            "300": 0,
            "302": 0,
            "304": 0,
            "305": 0,
            "306": 0,
            "307": 0,
            "311": 0,
            "312": 0,
            "313": 0,
            "314": 0,
            "317": 0,
            "319": 0,
            "320": 0,
            "321": 0,
            "322": 0,
            "323": 0,
            "324": 0,
            "326": 0,
            "328": 0,
            "330": 0,
            "353": 0,
            "354": 0,
            "355": 0,
            "358": 0,
            "362": 0,
            "363": 0,
            "364": 0,
            "367": 0,
            "371": 37,
            "372": 37,
            "373": 37,
            "375": 37,
            "376": 0,
            "379": 37,
            "385": 37,
            "386": 0,
            "389": 37,
            "390": 0,
            "392": 37,
            "393": 37
        },
        "path": "/Users/mbultra/RustroverProjects/supafresht3rn/pallets/attesters/contracts/contracts/attestationsVerifierProofs.sol",
        "s": {
            "1": 1,
            "2": 0,
            "3": 0,
            "4": 0,
            "5": 0,
            "6": 0,
            "7": 0,
            "8": 0,
            "9": 0,
            "10": 0,
            "11": 0,
            "12": 2,
            "13": 15,
            "14": 15,
            "15": 12,
            "16": 12,
            "17": 12,
            "18": 12,
            "19": 12,
            "20": 12,
            "21": 12,
            "22": 12,
            "23": 12,
            "24": 12,
            "25": 0,
            "26": 1,
            "27": 1,
            "28": 1,
            "29": 1,
            "30": 1,
            "31": 0,
            "32": 0,
            "33": 0,
            "34": 0,
            "35": 0,
            "36": 0,
            "37": 0,
            "38": 0,
            "39": 0,
            "40": 0,
            "41": 0,
            "42": 0,
            "43": 0,
            "44": 0,
            "45": 0,
            "46": 0,
            "47": 0,
            "48": 0,
            "49": 0,
            "50": 0,
            "51": 0,
            "52": 2,
            "53": 2,
            "54": 2,
            "55": 2,
            "56": 2,
            "57": 2,
            "58": 0,
            "59": 2,
            "60": 0,
            "61": 0,
            "62": 0,
            "63": 0,
            "64": 0,
            "65": 0,
            "66": 1,
            "67": 1,
            "68": 1,
            "69": 1,
            "70": 1,
            "71": 1,
            "72": 1,
            "73": 1,
            "74": 1,
            "75": 1,
            "76": 1,
            "77": 1,
            "78": 0,
            "79": 0,
            "80": 0,
            "81": 0,
            "82": 0,
            "83": 0,
            "84": 0,
            "85": 0,
            "86": 0,
            "87": 0,
            "88": 0,
            "89": 0,
            "90": 0,
            "91": 0,
            "92": 0,
            "93": 0,
            "94": 0,
            "95": 0,
            "96": 0,
            "97": 0,
            "98": 0,
            "99": 0,
            "100": 0,
            "101": 0,
            "102": 0,
            "103": 0,
            "104": 0,
            "105": 0,
            "106": 0,
            "107": 0,
            "108": 0,
            "109": 0,
            "110": 0,
            "111": 0,
            "112": 0,
            "113": 0,
            "114": 0,
            "115": 0,
            "116": 0,
            "117": 0,
            "118": 0,
            "119": 37,
            "120": 37,
            "121": 37,
            "122": 37,
            "123": 0,
            "124": 37,
            "125": 37,
            "126": 0,
            "127": 37,
            "128": 37
        },
        "b": {
            "1": [1, 0],
            "2": [0, 0],
            "3": [0, 0],
            "4": [6, 9],
            "5": [6, 9],
            "6": [0, 0],
            "7": [0, 0],
            "8": [0, 0],
            "9": [12, 0],
            "10": [0, 0],
            "11": [1, 0],
            "12": [1, 0],
            "13": [0, 0],
            "14": [0, 0],
            "15": [0, 0],
            "16": [0, 0],
            "17": [0, 0],
            "18": [0, 0],
            "19": [0, 0],
            "20": [0, 0],
            "21": [0, 0],
            "22": [0, 0],
            "23": [2, 0],
            "24": [0, 2],
            "25": [0, 0],
            "26": [0, 0],
            "27": [0, 0],
            "28": [1, 0],
            "29": [1, 0],
            "30": [1, 0],
            "31": [1, 0],
            "32": [1, 0],
            "33": [1, 0],
            "34": [0, 0],
            "35": [0, 0],
            "36": [0, 0],
            "37": [0, 0],
            "38": [0, 0],
            "39": [0, 0],
            "40": [0, 0],
            "41": [0, 0],
            "42": [0, 0],
            "43": [0, 0],
            "44": [0, 0],
            "45": [0, 0],
            "46": [0, 0],
            "47": [0, 0],
            "48": [0, 0],
            "49": [0, 0],
            "50": [0, 0],
            "51": [0, 0],
            "52": [0, 0],
            "53": [0, 0],
            "54": [0, 37],
            "55": [0, 37],
            "56": [0, 37]
        },
        "f": {
            "1": 1,
            "2": 0,
            "3": 0,
            "4": 0,
            "5": 2,
            "6": 15,
            "7": 0,
            "8": 0,
            "9": 0,
            "10": 12,
            "11": 0,
            "12": 1,
            "13": 0,
            "14": 0,
            "15": 2,
            "16": 0,
            "17": 1,
            "18": 0,
            "19": 0,
            "20": 37
        },
        "fnMap": {
            "1": {
                "name": "onlyOwner",
                "line": 30,
                "loc": {
                    "start": { "line": 30, "column": 4 },
                    "end": { "line": 33, "column": 4 }
                }
            },
            "2": {
                "name": "getQuote",
                "line": 36,
                "loc": {
                    "start": { "line": 36, "column": 4 },
                    "end": { "line": 47, "column": 4 }
                }
            },
            "3": {
                "name": "batchEncodePacked",
                "line": 63,
                "loc": {
                    "start": { "line": 63, "column": 4 },
                    "end": { "line": 76, "column": 4 }
                }
            },
            "4": {
                "name": "messageHash",
                "line": 78,
                "loc": {
                    "start": { "line": 78, "column": 4 },
                    "end": { "line": 80, "column": 4 }
                }
            },
            "5": {
                "name": "singleAttestationHash",
                "line": 82,
                "loc": {
                    "start": { "line": 82, "column": 4 },
                    "end": { "line": 84, "column": 4 }
                }
            },
            "6": {
                "name": "constructor",
                "line": 86,
                "loc": {
                    "start": { "line": 86, "column": 4 },
                    "end": { "line": 100, "column": 4 }
                }
            },
            "7": {
                "name": "overrideCommitteeHash",
                "line": 102,
                "loc": {
                    "start": { "line": 102, "column": 4 },
                    "end": { "line": 104, "column": 4 }
                }
            },
            "8": {
                "name": "overrideNextCommitteeHash",
                "line": 106,
                "loc": {
                    "start": { "line": 106, "column": 4 },
                    "end": { "line": 108, "column": 4 }
                }
            },
            "9": {
                "name": "overrideCurrentBatchIndex",
                "line": 110,
                "loc": {
                    "start": { "line": 110, "column": 4 },
                    "end": { "line": 112, "column": 4 }
                }
            },
            "10": {
                "name": "implyCommitteeRoot",
                "line": 114,
                "loc": {
                    "start": { "line": 114, "column": 4 },
                    "end": { "line": 131, "column": 4 }
                }
            },
            "11": {
                "name": "updateCommitteeSize",
                "line": 133,
                "loc": {
                    "start": { "line": 133, "column": 4 },
                    "end": { "line": 137, "column": 4 }
                }
            },
            "12": {
                "name": "receiveSingleAttestation",
                "line": 139,
                "loc": {
                    "start": { "line": 139, "column": 4 },
                    "end": { "line": 159, "column": 4 }
                }
            },
            "13": {
                "name": "receiveAttestationBatch",
                "line": 161,
                "loc": {
                    "start": { "line": 161, "column": 4 },
                    "end": { "line": 206, "column": 4 }
                }
            },
            "14": {
                "name": "updateCurrentCommitteeStakeIfNeededBe",
                "line": 208,
                "loc": {
                    "start": { "line": 208, "column": 4 },
                    "end": { "line": 226, "column": 4 }
                }
            },
            "15": {
                "name": "recoverCurrentSigners",
                "line": 228,
                "loc": {
                    "start": { "line": 228, "column": 4 },
                    "end": { "line": 245, "column": 4 }
                }
            },
            "16": {
                "name": "verifySignaturesTest",
                "line": 247,
                "loc": {
                    "start": { "line": 247, "column": 4 },
                    "end": { "line": 262, "column": 4 }
                }
            },
            "17": {
                "name": "decodeAndProcessPayload",
                "line": 266,
                "loc": {
                    "start": { "line": 266, "column": 4 },
                    "end": { "line": 333, "column": 4 }
                }
            },
            "18": {
                "name": "addressArrayContains",
                "line": 352,
                "loc": {
                    "start": { "line": 352, "column": 4 },
                    "end": { "line": 359, "column": 4 }
                }
            },
            "19": {
                "name": "arrayContains",
                "line": 361,
                "loc": {
                    "start": { "line": 361, "column": 4 },
                    "end": { "line": 368, "column": 4 }
                }
            },
            "20": {
                "name": "recoverSigner",
                "line": 370,
                "loc": {
                    "start": { "line": 370, "column": 4 },
                    "end": { "line": 395, "column": 4 }
                }
            }
        },
        "statementMap": {
            "1": {
                "start": { "line": 31, "column": 8 },
                "end": { "line": 31, "column": 72 }
            },
            "2": {
                "start": { "line": 37, "column": 8 },
                "end": { "line": 37, "column": 1236 }
            },
            "3": {
                "start": { "line": 38, "column": 12 },
                "end": { "line": 38, "column": 111 }
            },
            "4": {
                "start": { "line": 39, "column": 12 },
                "end": { "line": 39, "column": 42 }
            },
            "5": {
                "start": { "line": 40, "column": 15 },
                "end": { "line": 40, "column": 1480 }
            },
            "6": {
                "start": { "line": 41, "column": 12 },
                "end": { "line": 41, "column": 111 }
            },
            "7": {
                "start": { "line": 42, "column": 12 },
                "end": { "line": 42, "column": 59 }
            },
            "8": {
                "start": { "line": 43, "column": 12 },
                "end": { "line": 43, "column": 42 }
            },
            "9": {
                "start": { "line": 45, "column": 12 },
                "end": { "line": 45, "column": 39 }
            },
            "10": {
                "start": { "line": 64, "column": 8 },
                "end": { "line": 64, "column": 2548 }
            },
            "11": {
                "start": { "line": 79, "column": 8 },
                "end": { "line": 79, "column": 50 }
            },
            "12": {
                "start": { "line": 83, "column": 8 },
                "end": { "line": 83, "column": 101 }
            },
            "13": {
                "start": { "line": 93, "column": 8 },
                "end": { "line": 93, "column": 3707 }
            },
            "14": {
                "start": { "line": 96, "column": 8 },
                "end": { "line": 96, "column": 3833 }
            },
            "15": {
                "start": { "line": 115, "column": 8 },
                "end": { "line": 115, "column": 65 }
            },
            "16": {
                "start": { "line": 116, "column": 8 },
                "end": { "line": 116, "column": 4552 }
            },
            "17": {
                "start": { "line": 119, "column": 8 },
                "end": { "line": 119, "column": 59 }
            },
            "18": {
                "start": { "line": 120, "column": 8 },
                "end": { "line": 120, "column": 82 }
            },
            "19": {
                "start": { "line": 121, "column": 8 },
                "end": { "line": 121, "column": 4850 }
            },
            "20": {
                "start": { "line": 125, "column": 8 },
                "end": { "line": 125, "column": 41 }
            },
            "21": {
                "start": { "line": 126, "column": 8 },
                "end": { "line": 126, "column": 49 }
            },
            "22": {
                "start": { "line": 127, "column": 8 },
                "end": { "line": 127, "column": 62 }
            },
            "23": {
                "start": { "line": 128, "column": 8 },
                "end": { "line": 128, "column": 95 }
            },
            "24": {
                "start": { "line": 130, "column": 8 },
                "end": { "line": 130, "column": 96 }
            },
            "25": {
                "start": { "line": 134, "column": 8 },
                "end": { "line": 134, "column": 75 }
            },
            "26": {
                "start": { "line": 147, "column": 8 },
                "end": { "line": 147, "column": 99 }
            },
            "27": {
                "start": { "line": 148, "column": 8 },
                "end": { "line": 148, "column": 6102 }
            },
            "28": {
                "start": { "line": 154, "column": 8 },
                "end": { "line": 154, "column": 83 }
            },
            "29": {
                "start": { "line": 156, "column": 8 },
                "end": { "line": 156, "column": 223 }
            },
            "30": {
                "start": { "line": 158, "column": 8 },
                "end": { "line": 158, "column": 49 }
            },
            "31": {
                "start": { "line": 168, "column": 8 },
                "end": { "line": 168, "column": 62 }
            },
            "32": {
                "start": { "line": 169, "column": 8 },
                "end": { "line": 169, "column": 70 }
            },
            "33": {
                "start": { "line": 170, "column": 8 },
                "end": { "line": 170, "column": 76 }
            },
            "34": {
                "start": { "line": 172, "column": 8 },
                "end": { "line": 172, "column": 7110 }
            },
            "35": {
                "start": { "line": 178, "column": 8 },
                "end": { "line": 178, "column": 83 }
            },
            "36": {
                "start": { "line": 183, "column": 8 },
                "end": { "line": 183, "column": 7609 }
            },
            "37": {
                "start": { "line": 184, "column": 12 },
                "end": { "line": 184, "column": 91 }
            },
            "38": {
                "start": { "line": 185, "column": 12 },
                "end": { "line": 185, "column": 97 }
            },
            "39": {
                "start": { "line": 186, "column": 12 },
                "end": { "line": 186, "column": 208 }
            },
            "40": {
                "start": { "line": 190, "column": 12 },
                "end": { "line": 190, "column": 204 }
            },
            "41": {
                "start": { "line": 193, "column": 8 },
                "end": { "line": 193, "column": 47 }
            },
            "42": {
                "start": { "line": 196, "column": 8 },
                "end": { "line": 196, "column": 8526 }
            },
            "43": {
                "start": { "line": 201, "column": 8 },
                "end": { "line": 201, "column": 88 }
            },
            "44": {
                "start": { "line": 205, "column": 8 },
                "end": { "line": 205, "column": 55 }
            },
            "45": {
                "start": { "line": 209, "column": 8 },
                "end": { "line": 209, "column": 9019 }
            },
            "46": {
                "start": { "line": 212, "column": 8 },
                "end": { "line": 212, "column": 9133 }
            },
            "47": {
                "start": { "line": 214, "column": 12 },
                "end": { "line": 214, "column": 98 }
            },
            "48": {
                "start": { "line": 215, "column": 12 },
                "end": { "line": 215, "column": 109 }
            },
            "49": {
                "start": { "line": 216, "column": 12 },
                "end": { "line": 216, "column": 44 }
            },
            "50": {
                "start": { "line": 217, "column": 12 },
                "end": { "line": 217, "column": 9514 }
            },
            "51": {
                "start": { "line": 218, "column": 16 },
                "end": { "line": 218, "column": 9568 }
            },
            "52": {
                "start": { "line": 233, "column": 8 },
                "end": { "line": 233, "column": 36 }
            },
            "53": {
                "start": { "line": 234, "column": 8 },
                "end": { "line": 234, "column": 66 }
            },
            "54": {
                "start": { "line": 235, "column": 8 },
                "end": { "line": 235, "column": 10226 }
            },
            "55": {
                "start": { "line": 236, "column": 12 },
                "end": { "line": 236, "column": 85 }
            },
            "56": {
                "start": { "line": 237, "column": 12 },
                "end": { "line": 237, "column": 66 }
            },
            "57": {
                "start": { "line": 238, "column": 12 },
                "end": { "line": 238, "column": 10448 }
            },
            "58": {
                "start": { "line": 239, "column": 16 },
                "end": { "line": 239, "column": 99 }
            },
            "59": {
                "start": { "line": 244, "column": 8 },
                "end": { "line": 244, "column": 21 }
            },
            "60": {
                "start": { "line": 253, "column": 8 },
                "end": { "line": 253, "column": 66 }
            },
            "61": {
                "start": { "line": 254, "column": 8 },
                "end": { "line": 254, "column": 78 }
            },
            "62": {
                "start": { "line": 255, "column": 8 },
                "end": { "line": 255, "column": 11131 }
            },
            "63": {
                "start": { "line": 256, "column": 12 },
                "end": { "line": 256, "column": 85 }
            },
            "64": {
                "start": { "line": 257, "column": 12 },
                "end": { "line": 257, "column": 66 }
            },
            "65": {
                "start": { "line": 261, "column": 8 },
                "end": { "line": 261, "column": 162 }
            },
            "66": {
                "start": { "line": 267, "column": 8 },
                "end": { "line": 267, "column": 61 }
            },
            "67": {
                "start": { "line": 269, "column": 8 },
                "end": { "line": 269, "column": 26 }
            },
            "68": {
                "start": { "line": 270, "column": 8 },
                "end": { "line": 270, "column": 11931 }
            },
            "69": {
                "start": { "line": 271, "column": 12 },
                "end": { "line": 271, "column": 72 }
            },
            "70": {
                "start": { "line": 272, "column": 12 },
                "end": { "line": 272, "column": 29 }
            },
            "71": {
                "start": { "line": 274, "column": 12 },
                "end": { "line": 274, "column": 12152 }
            },
            "72": {
                "start": { "line": 275, "column": 16 },
                "end": { "line": 275, "column": 93 }
            },
            "73": {
                "start": { "line": 277, "column": 16 },
                "end": { "line": 277, "column": 66 }
            },
            "74": {
                "start": { "line": 278, "column": 16 },
                "end": { "line": 278, "column": 60 }
            },
            "75": {
                "start": { "line": 279, "column": 16 },
                "end": { "line": 279, "column": 84 }
            },
            "76": {
                "start": { "line": 280, "column": 16 },
                "end": { "line": 280, "column": 72 }
            },
            "77": {
                "start": { "line": 281, "column": 16 },
                "end": { "line": 281, "column": 75 }
            },
            "78": {
                "start": { "line": 283, "column": 19 },
                "end": { "line": 283, "column": 12816 }
            },
            "79": {
                "start": { "line": 284, "column": 16 },
                "end": { "line": 284, "column": 93 }
            },
            "80": {
                "start": { "line": 286, "column": 16 },
                "end": { "line": 286, "column": 66 }
            },
            "81": {
                "start": { "line": 287, "column": 16 },
                "end": { "line": 287, "column": 60 }
            },
            "82": {
                "start": { "line": 288, "column": 16 },
                "end": { "line": 288, "column": 56 }
            },
            "83": {
                "start": { "line": 290, "column": 19 },
                "end": { "line": 290, "column": 13277 }
            },
            "84": {
                "start": { "line": 291, "column": 16 },
                "end": { "line": 291, "column": 83 }
            },
            "85": {
                "start": { "line": 293, "column": 16 },
                "end": { "line": 293, "column": 66 }
            },
            "86": {
                "start": { "line": 294, "column": 16 },
                "end": { "line": 294, "column": 60 }
            },
            "87": {
                "start": { "line": 295, "column": 16 },
                "end": { "line": 295, "column": 88 }
            },
            "88": {
                "start": { "line": 296, "column": 16 },
                "end": { "line": 296, "column": 52 }
            },
            "89": {
                "start": { "line": 297, "column": 16 },
                "end": { "line": 297, "column": 84 }
            },
            "90": {
                "start": { "line": 298, "column": 16 },
                "end": { "line": 298, "column": 72 }
            },
            "91": {
                "start": { "line": 299, "column": 16 },
                "end": { "line": 299, "column": 84 }
            },
            "92": {
                "start": { "line": 300, "column": 16 },
                "end": { "line": 300, "column": 72 }
            },
            "93": {
                "start": { "line": 302, "column": 16 },
                "end": { "line": 302, "column": 14332 }
            },
            "94": {
                "start": { "line": 304, "column": 20 },
                "end": { "line": 304, "column": 117 }
            },
            "95": {
                "start": { "line": 305, "column": 20 },
                "end": { "line": 305, "column": 91 }
            },
            "96": {
                "start": { "line": 306, "column": 20 },
                "end": { "line": 306, "column": 14693 }
            },
            "97": {
                "start": { "line": 307, "column": 24 },
                "end": { "line": 307, "column": 97 }
            },
            "98": {
                "start": { "line": 309, "column": 23 },
                "end": { "line": 309, "column": 14864 }
            },
            "99": {
                "start": { "line": 311, "column": 20 },
                "end": { "line": 311, "column": 117 }
            },
            "100": {
                "start": { "line": 312, "column": 20 },
                "end": { "line": 312, "column": 91 }
            },
            "101": {
                "start": { "line": 313, "column": 20 },
                "end": { "line": 313, "column": 15225 }
            },
            "102": {
                "start": { "line": 314, "column": 24 },
                "end": { "line": 314, "column": 97 }
            },
            "103": {
                "start": { "line": 318, "column": 19 },
                "end": { "line": 318, "column": 15436 }
            },
            "104": {
                "start": { "line": 319, "column": 16 },
                "end": { "line": 319, "column": 100 }
            },
            "105": {
                "start": { "line": 321, "column": 16 },
                "end": { "line": 321, "column": 66 }
            },
            "106": {
                "start": { "line": 322, "column": 16 },
                "end": { "line": 322, "column": 60 }
            },
            "107": {
                "start": { "line": 323, "column": 16 },
                "end": { "line": 323, "column": 15850 }
            },
            "108": {
                "start": { "line": 324, "column": 20 },
                "end": { "line": 324, "column": 52 }
            },
            "109": {
                "start": { "line": 326, "column": 20 },
                "end": { "line": 326, "column": 52 }
            },
            "110": {
                "start": { "line": 330, "column": 16 },
                "end": { "line": 330, "column": 47 }
            },
            "111": {
                "start": { "line": 353, "column": 8 },
                "end": { "line": 353, "column": 16530 }
            },
            "112": {
                "start": { "line": 354, "column": 12 },
                "end": { "line": 354, "column": 16590 }
            },
            "113": {
                "start": { "line": 355, "column": 16 },
                "end": { "line": 355, "column": 27 }
            },
            "114": {
                "start": { "line": 358, "column": 8 },
                "end": { "line": 358, "column": 20 }
            },
            "115": {
                "start": { "line": 362, "column": 8 },
                "end": { "line": 362, "column": 16796 }
            },
            "116": {
                "start": { "line": 363, "column": 12 },
                "end": { "line": 363, "column": 16856 }
            },
            "117": {
                "start": { "line": 364, "column": 16 },
                "end": { "line": 364, "column": 27 }
            },
            "118": {
                "start": { "line": 367, "column": 8 },
                "end": { "line": 367, "column": 20 }
            },
            "119": {
                "start": { "line": 371, "column": 8 },
                "end": { "line": 371, "column": 17 }
            },
            "120": {
                "start": { "line": 372, "column": 8 },
                "end": { "line": 372, "column": 17 }
            },
            "121": {
                "start": { "line": 373, "column": 8 },
                "end": { "line": 373, "column": 15 }
            },
            "122": {
                "start": { "line": 375, "column": 8 },
                "end": { "line": 375, "column": 17126 }
            },
            "123": {
                "start": { "line": 376, "column": 12 },
                "end": { "line": 376, "column": 29 }
            },
            "124": {
                "start": { "line": 385, "column": 8 },
                "end": { "line": 385, "column": 17374 }
            },
            "125": {
                "start": { "line": 389, "column": 8 },
                "end": { "line": 389, "column": 17428 }
            },
            "126": {
                "start": { "line": 390, "column": 12 },
                "end": { "line": 390, "column": 29 }
            },
            "127": {
                "start": { "line": 392, "column": 12 },
                "end": { "line": 392, "column": 111 }
            },
            "128": {
                "start": { "line": 393, "column": 12 },
                "end": { "line": 393, "column": 51 }
            }
        },
        "branchMap": {
            "1": {
                "line": 31,
                "type": "if",
                "locations": [
                    {
                        "start": { "line": 31, "column": 8 },
                        "end": { "line": 31, "column": 8 }
                    },
                    {
                        "start": { "line": 31, "column": 8 },
                        "end": { "line": 31, "column": 8 }
                    }
                ]
            },
            "2": {
                "line": 37,
                "type": "if",
                "locations": [
                    {
                        "start": { "line": 37, "column": 8 },
                        "end": { "line": 37, "column": 8 }
                    },
                    {
                        "start": { "line": 37, "column": 8 },
                        "end": { "line": 37, "column": 8 }
                    }
                ]
            },
            "3": {
                "line": 40,
                "type": "if",
                "locations": [
                    {
                        "start": { "line": 40, "column": 15 },
                        "end": { "line": 40, "column": 15 }
                    },
                    {
                        "start": { "line": 40, "column": 15 },
                        "end": { "line": 40, "column": 15 }
                    }
                ]
            },
            "4": {
                "line": 93,
                "type": "if",
                "locations": [
                    {
                        "start": { "line": 93, "column": 8 },
                        "end": { "line": 93, "column": 8 }
                    },
                    {
                        "start": { "line": 93, "column": 8 },
                        "end": { "line": 93, "column": 8 }
                    }
                ]
            },
            "5": {
                "line": 96,
                "type": "if",
                "locations": [
                    {
                        "start": { "line": 96, "column": 8 },
                        "end": { "line": 96, "column": 8 }
                    },
                    {
                        "start": { "line": 96, "column": 8 },
                        "end": { "line": 96, "column": 8 }
                    }
                ]
            },
            "6": {
                "line": 102,
                "type": "if",
                "locations": [
                    {
                        "start": { "line": 102, "column": 68 },
                        "end": { "line": 102, "column": 68 }
                    },
                    {
                        "start": { "line": 102, "column": 68 },
                        "end": { "line": 102, "column": 68 }
                    }
                ]
            },
            "7": {
                "line": 106,
                "type": "if",
                "locations": [
                    {
                        "start": { "line": 106, "column": 72 },
                        "end": { "line": 106, "column": 72 }
                    },
                    {
                        "start": { "line": 106, "column": 72 },
                        "end": { "line": 106, "column": 72 }
                    }
                ]
            },
            "8": {
                "line": 110,
                "type": "if",
                "locations": [
                    {
                        "start": { "line": 110, "column": 69 },
                        "end": { "line": 110, "column": 69 }
                    },
                    {
                        "start": { "line": 110, "column": 69 },
                        "end": { "line": 110, "column": 69 }
                    }
                ]
            },
            "9": {
                "line": 128,
                "type": "if",
                "locations": [
                    {
                        "start": { "line": 128, "column": 8 },
                        "end": { "line": 128, "column": 8 }
                    },
                    {
                        "start": { "line": 128, "column": 8 },
                        "end": { "line": 128, "column": 8 }
                    }
                ]
            },
            "10": {
                "line": 134,
                "type": "if",
                "locations": [
                    {
                        "start": { "line": 134, "column": 8 },
                        "end": { "line": 134, "column": 8 }
                    },
                    {
                        "start": { "line": 134, "column": 8 },
                        "end": { "line": 134, "column": 8 }
                    }
                ]
            },
            "11": {
                "line": 154,
                "type": "if",
                "locations": [
                    {
                        "start": { "line": 154, "column": 8 },
                        "end": { "line": 154, "column": 8 }
                    },
                    {
                        "start": { "line": 154, "column": 8 },
                        "end": { "line": 154, "column": 8 }
                    }
                ]
            },
            "12": {
                "line": 156,
                "type": "if",
                "locations": [
                    {
                        "start": { "line": 156, "column": 8 },
                        "end": { "line": 156, "column": 8 }
                    },
                    {
                        "start": { "line": 156, "column": 8 },
                        "end": { "line": 156, "column": 8 }
                    }
                ]
            },
            "13": {
                "line": 170,
                "type": "if",
                "locations": [
                    {
                        "start": { "line": 170, "column": 8 },
                        "end": { "line": 170, "column": 8 }
                    },
                    {
                        "start": { "line": 170, "column": 8 },
                        "end": { "line": 170, "column": 8 }
                    }
                ]
            },
            "14": {
                "line": 178,
                "type": "if",
                "locations": [
                    {
                        "start": { "line": 178, "column": 8 },
                        "end": { "line": 178, "column": 8 }
                    },
                    {
                        "start": { "line": 178, "column": 8 },
                        "end": { "line": 178, "column": 8 }
                    }
                ]
            },
            "15": {
                "line": 183,
                "type": "if",
                "locations": [
                    {
                        "start": { "line": 183, "column": 8 },
                        "end": { "line": 183, "column": 8 }
                    },
                    {
                        "start": { "line": 183, "column": 8 },
                        "end": { "line": 183, "column": 8 }
                    }
                ]
            },
            "16": {
                "line": 185,
                "type": "if",
                "locations": [
                    {
                        "start": { "line": 185, "column": 12 },
                        "end": { "line": 185, "column": 12 }
                    },
                    {
                        "start": { "line": 185, "column": 12 },
                        "end": { "line": 185, "column": 12 }
                    }
                ]
            },
            "17": {
                "line": 186,
                "type": "if",
                "locations": [
                    {
                        "start": { "line": 186, "column": 12 },
                        "end": { "line": 186, "column": 12 }
                    },
                    {
                        "start": { "line": 186, "column": 12 },
                        "end": { "line": 186, "column": 12 }
                    }
                ]
            },
            "18": {
                "line": 190,
                "type": "if",
                "locations": [
                    {
                        "start": { "line": 190, "column": 12 },
                        "end": { "line": 190, "column": 12 }
                    },
                    {
                        "start": { "line": 190, "column": 12 },
                        "end": { "line": 190, "column": 12 }
                    }
                ]
            },
            "19": {
                "line": 196,
                "type": "if",
                "locations": [
                    {
                        "start": { "line": 196, "column": 8 },
                        "end": { "line": 196, "column": 8 }
                    },
                    {
                        "start": { "line": 196, "column": 8 },
                        "end": { "line": 196, "column": 8 }
                    }
                ]
            },
            "20": {
                "line": 209,
                "type": "if",
                "locations": [
                    {
                        "start": { "line": 209, "column": 8 },
                        "end": { "line": 209, "column": 8 }
                    },
                    {
                        "start": { "line": 209, "column": 8 },
                        "end": { "line": 209, "column": 8 }
                    }
                ]
            },
            "21": {
                "line": 212,
                "type": "if",
                "locations": [
                    {
                        "start": { "line": 212, "column": 8 },
                        "end": { "line": 212, "column": 8 }
                    },
                    {
                        "start": { "line": 212, "column": 8 },
                        "end": { "line": 212, "column": 8 }
                    }
                ]
            },
            "22": {
                "line": 218,
                "type": "if",
                "locations": [
                    {
                        "start": { "line": 218, "column": 16 },
                        "end": { "line": 218, "column": 16 }
                    },
                    {
                        "start": { "line": 218, "column": 16 },
                        "end": { "line": 218, "column": 16 }
                    }
                ]
            },
            "23": {
                "line": 237,
                "type": "if",
                "locations": [
                    {
                        "start": { "line": 237, "column": 12 },
                        "end": { "line": 237, "column": 12 }
                    },
                    {
                        "start": { "line": 237, "column": 12 },
                        "end": { "line": 237, "column": 12 }
                    }
                ]
            },
            "24": {
                "line": 238,
                "type": "if",
                "locations": [
                    {
                        "start": { "line": 238, "column": 12 },
                        "end": { "line": 238, "column": 12 }
                    },
                    {
                        "start": { "line": 238, "column": 12 },
                        "end": { "line": 238, "column": 12 }
                    }
                ]
            },
            "25": {
                "line": 239,
                "type": "if",
                "locations": [
                    {
                        "start": { "line": 239, "column": 16 },
                        "end": { "line": 239, "column": 16 }
                    },
                    {
                        "start": { "line": 239, "column": 16 },
                        "end": { "line": 239, "column": 16 }
                    }
                ]
            },
            "26": {
                "line": 257,
                "type": "if",
                "locations": [
                    {
                        "start": { "line": 257, "column": 12 },
                        "end": { "line": 257, "column": 12 }
                    },
                    {
                        "start": { "line": 257, "column": 12 },
                        "end": { "line": 257, "column": 12 }
                    }
                ]
            },
            "27": {
                "line": 261,
                "type": "if",
                "locations": [
                    {
                        "start": { "line": 261, "column": 8 },
                        "end": { "line": 261, "column": 8 }
                    },
                    {
                        "start": { "line": 261, "column": 8 },
                        "end": { "line": 261, "column": 8 }
                    }
                ]
            },
            "28": {
                "line": 266,
                "type": "if",
                "locations": [
                    {
                        "start": { "line": 266, "column": 68 },
                        "end": { "line": 266, "column": 68 }
                    },
                    {
                        "start": { "line": 266, "column": 68 },
                        "end": { "line": 266, "column": 68 }
                    }
                ]
            },
            "29": {
                "line": 267,
                "type": "if",
                "locations": [
                    {
                        "start": { "line": 267, "column": 8 },
                        "end": { "line": 267, "column": 8 }
                    },
                    {
                        "start": { "line": 267, "column": 8 },
                        "end": { "line": 267, "column": 8 }
                    }
                ]
            },
            "30": {
                "line": 274,
                "type": "if",
                "locations": [
                    {
                        "start": { "line": 274, "column": 12 },
                        "end": { "line": 274, "column": 12 }
                    },
                    {
                        "start": { "line": 274, "column": 12 },
                        "end": { "line": 274, "column": 12 }
                    }
                ]
            },
            "31": {
                "line": 275,
                "type": "if",
                "locations": [
                    {
                        "start": { "line": 275, "column": 16 },
                        "end": { "line": 275, "column": 16 }
                    },
                    {
                        "start": { "line": 275, "column": 16 },
                        "end": { "line": 275, "column": 16 }
                    }
                ]
            },
            "32": {
                "line": 278,
                "type": "if",
                "locations": [
                    {
                        "start": { "line": 278, "column": 16 },
                        "end": { "line": 278, "column": 16 }
                    },
                    {
                        "start": { "line": 278, "column": 16 },
                        "end": { "line": 278, "column": 16 }
                    }
                ]
            },
            "33": {
                "line": 280,
                "type": "if",
                "locations": [
                    {
                        "start": { "line": 280, "column": 16 },
                        "end": { "line": 280, "column": 16 }
                    },
                    {
                        "start": { "line": 280, "column": 16 },
                        "end": { "line": 280, "column": 16 }
                    }
                ]
            },
            "34": {
                "line": 283,
                "type": "if",
                "locations": [
                    {
                        "start": { "line": 283, "column": 19 },
                        "end": { "line": 283, "column": 19 }
                    },
                    {
                        "start": { "line": 283, "column": 19 },
                        "end": { "line": 283, "column": 19 }
                    }
                ]
            },
            "35": {
                "line": 284,
                "type": "if",
                "locations": [
                    {
                        "start": { "line": 284, "column": 16 },
                        "end": { "line": 284, "column": 16 }
                    },
                    {
                        "start": { "line": 284, "column": 16 },
                        "end": { "line": 284, "column": 16 }
                    }
                ]
            },
            "36": {
                "line": 287,
                "type": "if",
                "locations": [
                    {
                        "start": { "line": 287, "column": 16 },
                        "end": { "line": 287, "column": 16 }
                    },
                    {
                        "start": { "line": 287, "column": 16 },
                        "end": { "line": 287, "column": 16 }
                    }
                ]
            },
            "37": {
                "line": 290,
                "type": "if",
                "locations": [
                    {
                        "start": { "line": 290, "column": 19 },
                        "end": { "line": 290, "column": 19 }
                    },
                    {
                        "start": { "line": 290, "column": 19 },
                        "end": { "line": 290, "column": 19 }
                    }
                ]
            },
            "38": {
                "line": 291,
                "type": "if",
                "locations": [
                    {
                        "start": { "line": 291, "column": 16 },
                        "end": { "line": 291, "column": 16 }
                    },
                    {
                        "start": { "line": 291, "column": 16 },
                        "end": { "line": 291, "column": 16 }
                    }
                ]
            },
            "39": {
                "line": 294,
                "type": "if",
                "locations": [
                    {
                        "start": { "line": 294, "column": 16 },
                        "end": { "line": 294, "column": 16 }
                    },
                    {
                        "start": { "line": 294, "column": 16 },
                        "end": { "line": 294, "column": 16 }
                    }
                ]
            },
            "40": {
                "line": 296,
                "type": "if",
                "locations": [
                    {
                        "start": { "line": 296, "column": 16 },
                        "end": { "line": 296, "column": 16 }
                    },
                    {
                        "start": { "line": 296, "column": 16 },
                        "end": { "line": 296, "column": 16 }
                    }
                ]
            },
            "41": {
                "line": 298,
                "type": "if",
                "locations": [
                    {
                        "start": { "line": 298, "column": 16 },
                        "end": { "line": 298, "column": 16 }
                    },
                    {
                        "start": { "line": 298, "column": 16 },
                        "end": { "line": 298, "column": 16 }
                    }
                ]
            },
            "42": {
                "line": 300,
                "type": "if",
                "locations": [
                    {
                        "start": { "line": 300, "column": 16 },
                        "end": { "line": 300, "column": 16 }
                    },
                    {
                        "start": { "line": 300, "column": 16 },
                        "end": { "line": 300, "column": 16 }
                    }
                ]
            },
            "43": {
                "line": 302,
                "type": "if",
                "locations": [
                    {
                        "start": { "line": 302, "column": 16 },
                        "end": { "line": 302, "column": 16 }
                    },
                    {
                        "start": { "line": 302, "column": 16 },
                        "end": { "line": 302, "column": 16 }
                    }
                ]
            },
            "44": {
                "line": 306,
                "type": "if",
                "locations": [
                    {
                        "start": { "line": 306, "column": 20 },
                        "end": { "line": 306, "column": 20 }
                    },
                    {
                        "start": { "line": 306, "column": 20 },
                        "end": { "line": 306, "column": 20 }
                    }
                ]
            },
            "45": {
                "line": 309,
                "type": "if",
                "locations": [
                    {
                        "start": { "line": 309, "column": 23 },
                        "end": { "line": 309, "column": 23 }
                    },
                    {
                        "start": { "line": 309, "column": 23 },
                        "end": { "line": 309, "column": 23 }
                    }
                ]
            },
            "46": {
                "line": 313,
                "type": "if",
                "locations": [
                    {
                        "start": { "line": 313, "column": 20 },
                        "end": { "line": 313, "column": 20 }
                    },
                    {
                        "start": { "line": 313, "column": 20 },
                        "end": { "line": 313, "column": 20 }
                    }
                ]
            },
            "47": {
                "line": 318,
                "type": "if",
                "locations": [
                    {
                        "start": { "line": 318, "column": 19 },
                        "end": { "line": 318, "column": 19 }
                    },
                    {
                        "start": { "line": 318, "column": 19 },
                        "end": { "line": 318, "column": 19 }
                    }
                ]
            },
            "48": {
                "line": 318,
                "type": "cond-expr",
                "locations": [
                    {
                        "start": { "line": 318, "column": 23 },
                        "end": { "line": 318, "column": 56 }
                    },
                    {
                        "start": { "line": 318, "column": 61 },
                        "end": { "line": 318, "column": 94 }
                    }
                ]
            },
            "49": {
                "line": 319,
                "type": "if",
                "locations": [
                    {
                        "start": { "line": 319, "column": 16 },
                        "end": { "line": 319, "column": 16 }
                    },
                    {
                        "start": { "line": 319, "column": 16 },
                        "end": { "line": 319, "column": 16 }
                    }
                ]
            },
            "50": {
                "line": 322,
                "type": "if",
                "locations": [
                    {
                        "start": { "line": 322, "column": 16 },
                        "end": { "line": 322, "column": 16 }
                    },
                    {
                        "start": { "line": 322, "column": 16 },
                        "end": { "line": 322, "column": 16 }
                    }
                ]
            },
            "51": {
                "line": 323,
                "type": "if",
                "locations": [
                    {
                        "start": { "line": 323, "column": 16 },
                        "end": { "line": 323, "column": 16 }
                    },
                    {
                        "start": { "line": 323, "column": 16 },
                        "end": { "line": 323, "column": 16 }
                    }
                ]
            },
            "52": {
                "line": 354,
                "type": "if",
                "locations": [
                    {
                        "start": { "line": 354, "column": 12 },
                        "end": { "line": 354, "column": 12 }
                    },
                    {
                        "start": { "line": 354, "column": 12 },
                        "end": { "line": 354, "column": 12 }
                    }
                ]
            },
            "53": {
                "line": 363,
                "type": "if",
                "locations": [
                    {
                        "start": { "line": 363, "column": 12 },
                        "end": { "line": 363, "column": 12 }
                    },
                    {
                        "start": { "line": 363, "column": 12 },
                        "end": { "line": 363, "column": 12 }
                    }
                ]
            },
            "54": {
                "line": 375,
                "type": "if",
                "locations": [
                    {
                        "start": { "line": 375, "column": 8 },
                        "end": { "line": 375, "column": 8 }
                    },
                    {
                        "start": { "line": 375, "column": 8 },
                        "end": { "line": 375, "column": 8 }
                    }
                ]
            },
            "55": {
                "line": 385,
                "type": "if",
                "locations": [
                    {
                        "start": { "line": 385, "column": 8 },
                        "end": { "line": 385, "column": 8 }
                    },
                    {
                        "start": { "line": 385, "column": 8 },
                        "end": { "line": 385, "column": 8 }
                    }
                ]
            },
            "56": {
                "line": 389,
                "type": "if",
                "locations": [
                    {
                        "start": { "line": 389, "column": 8 },
                        "end": { "line": 389, "column": 8 }
                    },
                    {
[...]
            "3": {
                "start": { "line": 37, "column": 8 },
                "end": { "line": 37, "column": 53 }
            },
            "4": {
                "start": { "line": 38, "column": 8 },
                "end": { "line": 38, "column": 51 }
            },
            "5": {
                "start": { "line": 40, "column": 8 },
                "end": { "line": 40, "column": 68 }
            },
            "6": {
                "start": { "line": 42, "column": 8 },
                "end": { "line": 42, "column": 55 }
            },
            "7": {
                "start": { "line": 45, "column": 8 },
                "end": { "line": 45, "column": 45 }
            },
            "8": {
                "start": { "line": 48, "column": 8 },
                "end": { "line": 48, "column": 38 }
            },
            "9": {
                "start": { "line": 51, "column": 8 },
                "end": { "line": 51, "column": 57 }
            },
            "10": {
                "start": { "line": 55, "column": 8 },
                "end": { "line": 55, "column": 91 }
            },
            "11": {
                "start": { "line": 57, "column": 8 },
                "end": { "line": 57, "column": 63 }
            },
            "12": {
                "start": { "line": 58, "column": 8 },
                "end": { "line": 58, "column": 53 }
            },
            "13": {
                "start": { "line": 59, "column": 8 },
                "end": { "line": 59, "column": 51 }
            },
            "14": {
                "start": { "line": 61, "column": 8 },
                "end": { "line": 61, "column": 68 }
            },
            "15": {
                "start": { "line": 63, "column": 8 },
                "end": { "line": 63, "column": 55 }
            },
            "16": {
                "start": { "line": 66, "column": 8 },
                "end": { "line": 66, "column": 45 }
            },
            "17": {
                "start": { "line": 69, "column": 8 },
                "end": { "line": 69, "column": 37 }
            },
            "18": {
                "start": { "line": 72, "column": 8 },
                "end": { "line": 72, "column": 66 }
            }
        },
        "branchMap": {
            "1": {
                "line": 34,
                "type": "if",
                "locations": [
                    {
                        "start": { "line": 34, "column": 8 },
                        "end": { "line": 34, "column": 8 }
                    },
                    {
                        "start": { "line": 34, "column": 8 },
                        "end": { "line": 34, "column": 8 }
                    }
                ]
            },
            "2": {
                "line": 36,
                "type": "if",
                "locations": [
                    {
                        "start": { "line": 36, "column": 8 },
                        "end": { "line": 36, "column": 8 }
                    },
                    {
                        "start": { "line": 36, "column": 8 },
                        "end": { "line": 36, "column": 8 }
                    }
                ]
            },
            "3": {
                "line": 38,
                "type": "if",
                "locations": [
                    {
                        "start": { "line": 38, "column": 8 },
                        "end": { "line": 38, "column": 8 }
                    },
                    {
                        "start": { "line": 38, "column": 8 },
                        "end": { "line": 38, "column": 8 }
                    }
                ]
            },
            "4": {
                "line": 42,
                "type": "if",
                "locations": [
                    {
                        "start": { "line": 42, "column": 8 },
                        "end": { "line": 42, "column": 8 }
                    },
                    {
                        "start": { "line": 42, "column": 8 },
                        "end": { "line": 42, "column": 8 }
                    }
                ]
            },
            "5": {
                "line": 55,
                "type": "if",
                "locations": [
                    {
                        "start": { "line": 55, "column": 8 },
                        "end": { "line": 55, "column": 8 }
                    },
                    {
                        "start": { "line": 55, "column": 8 },
                        "end": { "line": 55, "column": 8 }
                    }
                ]
            },
            "6": {
                "line": 57,
                "type": "if",
                "locations": [
                    {
                        "start": { "line": 57, "column": 8 },
                        "end": { "line": 57, "column": 8 }
                    },
                    {
                        "start": { "line": 57, "column": 8 },
                        "end": { "line": 57, "column": 8 }
                    }
                ]
            },
            "7": {
                "line": 59,
                "type": "if",
                "locations": [
                    {
                        "start": { "line": 59, "column": 8 },
                        "end": { "line": 59, "column": 8 }
                    },
                    {
                        "start": { "line": 59, "column": 8 },
                        "end": { "line": 59, "column": 8 }
                    }
                ]
            },
            "8": {
                "line": 63,
                "type": "if",
                "locations": [
                    {
                        "start": { "line": 63, "column": 8 },
                        "end": { "line": 63, "column": 8 }
                    },
                    {
                        "start": { "line": 63, "column": 8 },
                        "end": { "line": 63, "column": 8 }
                    }
                ]
            },
            "9": {
                "line": 76,
                "type": "if",
                "locations": [
                    {
                        "start": { "line": 76, "column": 56 },
                        "end": { "line": 76, "column": 56 }
                    },
                    {
                        "start": { "line": 76, "column": 56 },
                        "end": { "line": 76, "column": 56 }
                    }
                ]
            }
        }
    },
    "contracts/xOrder.sol": {
        "l": {
            "25": 9,
            "26": 9,
            "27": 9,
            "31": 0,
            "32": 0,
            "36": 4,
            "40": 0,
            "51": 0,
            "52": 0,
            "54": 0,
            "56": 0,
            "57": 0,
            "58": 0,
            "59": 0,
            "61": 0,
            "63": 0,
            "65": 0,
            "76": 0,
            "86": 0,
            "87": 0,
            "89": 0,
            "91": 0,
            "99": 0,
            "112": 0,
            "113": 0,
            "115": 0,
            "116": 0,
            "117": 0,
            "118": 0,
            "119": 0,
            "120": 0,
            "121": 0,
            "122": 0,
            "125": 0,
            "126": 0,
            "127": 0,
            "128": 0,
            "132": 0,
            "133": 0,
            "151": 0,
            "152": 0
        },
        "path": "/Users/mbultra/RustroverProjects/supafresht3rn/pallets/attesters/contracts/contracts/xOrder.sol",
        "s": {
            "1": 0,
            "2": 4,
            "3": 0,
            "4": 0,
            "5": 0,
            "6": 0,
            "7": 0,
            "8": 0,
            "9": 0,
            "10": 0,
            "11": 0,
            "12": 0,
            "13": 0,
            "14": 0,
            "15": 0,
            "16": 0,
            "17": 0,
            "18": 0,
            "19": 0,
            "20": 0,
            "21": 0,
            "22": 0,
            "23": 0,
            "24": 0,
            "25": 0,
            "26": 0,
            "27": 0,
            "28": 0,
            "29": 0,
            "30": 0
        },
        "b": {
            "1": [0, 0],
            "2": [0, 0],
            "3": [0, 0],
            "4": [0, 0],
            "5": [0, 0],
            "6": [0, 0],
            "7": [0, 0],
            "8": [0, 0],
            "9": [0, 0]
        },
        "f": {
            "1": 9,
            "2": 0,
            "3": 4,
            "4": 0,
            "5": 0,
            "6": 0,
            "7": 0,
            "8": 0,
            "9": 0,
            "10": 0
        },
        "fnMap": {
            "1": {
                "name": "constructor",
                "line": 24,
                "loc": {
                    "start": { "line": 24, "column": 4 },
                    "end": { "line": 28, "column": 4 }
                }
            },
            "2": {
                "name": "onlyOwner",
                "line": 30,
                "loc": {
                    "start": { "line": 30, "column": 4 },
                    "end": { "line": 33, "column": 4 }
                }
            },
            "3": {
                "name": "generateId",
                "line": 35,
                "loc": {
                    "start": { "line": 35, "column": 4 },
                    "end": { "line": 37, "column": 4 }
                }
            },
            "4": {
                "name": "addSupportedBridgeAsset",
                "line": 39,
                "loc": {
                    "start": { "line": 39, "column": 4 },
                    "end": { "line": 41, "column": 4 }
                }
            },
            "5": {
                "name": "orderMemoryData",
                "line": 48,
                "loc": {
                    "start": { "line": 48, "column": 4 },
                    "end": { "line": 66, "column": 4 }
                }
            },
            "6": {
                "name": "remoteOrder",
                "line": 73,
                "loc": {
                    "start": { "line": 73, "column": 4 },
                    "end": { "line": 77, "column": 4 }
                }
            },
            "7": {
                "name": "remoteBridgeAsset",
                "line": 79,
                "loc": {
                    "start": { "line": 79, "column": 4 },
                    "end": { "line": 92, "column": 4 }
                }
            },
            "8": {
                "name": "claimPayoutOrRefund",
                "line": 94,
                "loc": {
                    "start": { "line": 94, "column": 4 },
                    "end": { "line": 100, "column": 4 }
                }
            },
            "9": {
                "name": "claimPayoutOrRefundBatch",
                "line": 108,
                "loc": {
                    "start": { "line": 108, "column": 4 },
                    "end": { "line": 135, "column": 4 }
                }
            },
            "10": {
                "name": "remoteOrderDecoded",
                "line": 142,
                "loc": {
                    "start": { "line": 142, "column": 4 },
                    "end": { "line": 153, "column": 4 }
                }
            }
        },
        "statementMap": {
            "1": {
                "start": { "line": 31, "column": 8 },
                "end": { "line": 31, "column": 72 }
            },
            "2": {
                "start": { "line": 36, "column": 8 },
                "end": { "line": 36, "column": 89 }
            },
            "3": {
                "start": { "line": 51, "column": 8 },
                "end": { "line": 51, "column": 43 }
            },
            "4": {
                "start": { "line": 52, "column": 8 },
                "end": { "line": 52, "column": 50 }
            },
            "5": {
                "start": { "line": 54, "column": 8 },
                "end": { "line": 54, "column": 223 }
            },
            "6": {
                "start": { "line": 56, "column": 8 },
                "end": { "line": 56, "column": 2134 }
            },
            "7": {
                "start": { "line": 57, "column": 12 },
                "end": { "line": 57, "column": 71 }
            },
            "8": {
                "start": { "line": 58, "column": 12 },
                "end": { "line": 58, "column": 45 }
            },
            "9": {
                "start": { "line": 59, "column": 12 },
                "end": { "line": 59, "column": 57 }
            },
            "10": {
                "start": { "line": 61, "column": 12 },
                "end": { "line": 61, "column": 86 }
            },
            "11": {
                "start": { "line": 63, "column": 8 },
                "end": { "line": 63, "column": 126 }
            },
            "12": {
                "start": { "line": 65, "column": 8 },
                "end": { "line": 65, "column": 61 }
            },
            "13": {
                "start": { "line": 76, "column": 8 },
                "end": { "line": 76, "column": 29 }
            },
            "14": {
                "start": { "line": 86, "column": 8 },
                "end": { "line": 86, "column": 71 }
            },
            "15": {
                "start": { "line": 87, "column": 8 },
                "end": { "line": 87, "column": 59 }
            },
            "16": {
                "start": { "line": 89, "column": 8 },
                "end": { "line": 89, "column": 149 }
            },
            "17": {
                "start": { "line": 91, "column": 8 },
                "end": { "line": 91, "column": 29 }
            },
            "18": {
                "start": { "line": 99, "column": 8 },
                "end": { "line": 99, "column": 62 }
            },
            "19": {
                "start": { "line": 112, "column": 8 },
                "end": { "line": 112, "column": 69 }
            },
            "20": {
                "start": { "line": 113, "column": 8 },
                "end": { "line": 113, "column": 70 }
            },
            "21": {
                "start": { "line": 115, "column": 8 },
                "end": { "line": 115, "column": 36 }
            },
            "22": {
                "start": { "line": 116, "column": 8 },
                "end": { "line": 116, "column": 4246 }
            },
            "23": {
                "start": { "line": 117, "column": 12 },
                "end": { "line": 117, "column": 30 }
            },
            "24": {
                "start": { "line": 118, "column": 12 },
                "end": { "line": 118, "column": 4341 }
            },
            "25": {
                "start": { "line": 119, "column": 16 },
                "end": { "line": 119, "column": 4410 }
            },
            "26": {
                "start": { "line": 125, "column": 12 },
                "end": { "line": 125, "column": 4622 }
            },
            "27": {
                "start": { "line": 132, "column": 8 },
                "end": { "line": 132, "column": 4846 }
            },
            "28": {
                "start": { "line": 133, "column": 12 },
                "end": { "line": 133, "column": 88 }
            },
            "29": {
                "start": { "line": 151, "column": 8 },
                "end": { "line": 151, "column": 123 }
            },
            "30": {
                "start": { "line": 152, "column": 8 },
                "end": { "line": 152, "column": 29 }
            }
        },
        "branchMap": {
            "1": {
                "line": 31,
                "type": "if",
                "locations": [
                    {
                        "start": { "line": 31, "column": 8 },
                        "end": { "line": 31, "column": 8 }
                    },
                    {
                        "start": { "line": 31, "column": 8 },
                        "end": { "line": 31, "column": 8 }
                    }
                ]
            },
            "2": {
                "line": 39,
                "type": "if",
                "locations": [
                    {
                        "start": { "line": 39, "column": 82 },
                        "end": { "line": 39, "column": 82 }
                    },
                    {
                        "start": { "line": 39, "column": 82 },
                        "end": { "line": 39, "column": 82 }
                    }
                ]
            },
            "3": {
                "line": 56,
                "type": "if",
                "locations": [
                    {
                        "start": { "line": 56, "column": 8 },
                        "end": { "line": 56, "column": 8 }
                    },
                    {
                        "start": { "line": 56, "column": 8 },
                        "end": { "line": 56, "column": 8 }
                    }
                ]
            },
            "4": {
                "line": 57,
                "type": "if",
                "locations": [
                    {
                        "start": { "line": 57, "column": 12 },
                        "end": { "line": 57, "column": 12 }
                    },
                    {
                        "start": { "line": 57, "column": 12 },
                        "end": { "line": 57, "column": 12 }
                    }
                ]
            },
            "5": {
                "line": 59,
                "type": "if",
                "locations": [
                    {
                        "start": { "line": 59, "column": 12 },
                        "end": { "line": 59, "column": 12 }
                    },
                    {
                        "start": { "line": 59, "column": 12 },
                        "end": { "line": 59, "column": 12 }
                    }
                ]
            },
            "6": {
                "line": 63,
                "type": "if",
                "locations": [
                    {
                        "start": { "line": 63, "column": 8 },
                        "end": { "line": 63, "column": 8 }
                    },
                    {
                        "start": { "line": 63, "column": 8 },
                        "end": { "line": 63, "column": 8 }
                    }
                ]
            },
            "7": {
                "line": 87,
                "type": "if",
                "locations": [
                    {
                        "start": { "line": 87, "column": 8 },
                        "end": { "line": 87, "column": 8 }
                    },
                    {
                        "start": { "line": 87, "column": 8 },
                        "end": { "line": 87, "column": 8 }
                    }
                ]
            },
            "8": {
                "line": 119,
                "type": "if",
                "locations": [
                    {
                        "start": { "line": 119, "column": 16 },
                        "end": { "line": 119, "column": 16 }
                    },
                    {
                        "start": { "line": 119, "column": 16 },
                        "end": { "line": 119, "column": 16 }
                    }
                ]
            },
            "9": {
                "line": 125,
                "type": "if",
                "locations": [
                    {
                        "start": { "line": 125, "column": 12 },
                        "end": { "line": 125, "column": 12 }
                    },
                    {
                        "start": { "line": 125, "column": 12 },
                        "end": { "line": 125, "column": 12 }
                    }
                ]
            }
        }
    }
}
